[pywebview] WebView2 initialization failed with exception:
  (0x80010106): 无法在设置线程模式后对其加以更改。 (异常来自 HRESULT:0x80010106 (RPC_E_CHANGED_MODE))
   在 System.Runtime.InteropServices.Marshal.ThrowExceptionForHRInternal(Int32 errorCode, IntPtr errorInfo)
   在 Microsoft.Web.WebView2.Core.CoreWebView2Environment.<CreateAsync>d__3.MoveNext()
--- 引发异常的上一位置中堆栈跟踪的末尾 ---
   在 System.Runtime.ExceptionServices.ExceptionDispatchInfo.Throw()
   在 System.Runtime.CompilerServices.TaskAwaiter.HandleNonSuccessAndDebuggerNotification(Task task)
   在 Microsoft.Web.WebView2.WinForms.WebView2.<InitCoreWebView2Async>d__26.MoveNext()
nhao
Exception in thread Thread-1:
Traceback (most recent call last):
  File "E:\python\lib\threading.py", line 932, in _bootstrap_inner
    self.run()
  File "E:\python\lib\threading.py", line 870, in run
    self._target(*self._args, **self._kwargs)
  File "C:\Users\rjcsyb2\Desktop\workcard-master\备份测试.py", line 3029, in search
    frame.load_url(txt)
  File "E:\python\lib\site-packages\tkwebview2\tkwebview2.py", line 120, in load_url
    self.web_view.load_url(url)
  File "E:\python\lib\site-packages\webview\platforms\edgechromium.py", line 151, in load_url
    self.web_view.Source = Uri(url)
System.InvalidOperationException: The method EnsureCoreWebView2Async can be invoked only from the UI thread.
   在 Microsoft.Web.WebView2.WinForms.WebView2.EnsureCoreWebView2Async(CoreWebView2Environment environment, CoreWebView2ControllerOptions controllerOptions)
