了崔方象
1
了崔方象
1
了崔方象
1
了崔方象
1
禰欺方象
7E0B0300430158752260340018000000000000030000C64CA103F79FDC00C817240629094649534E3132333435363738390000000000534E3132333435363738393132333435363739534E3132343520240629094601040000006E0202044C250400000000300103067E
7E 0B 03 00 43 01 58 75 22 60 34 00 18 00 00 00 00 00 00 03 00 00 C6 4C A1 03 F7 9F DC 00 C8 17 24 06 29 09 46 49 53 4E 31 32 33 34 35 36 37 38 39 00 00 00 00 00 53 4E 31 32 33 34 35 36 37 38 39 31 32 33 34 35 36 37 39 53 4E 31 32 34 35 20 24 06 29 09 46 01 04 00 00 00 6E 02 02 04 4C 25 04 00 00 00 00 30 01 03 06 7E
1
禰欺方象
7E0B0300430158752260340018000000000000030000C64CA103F79FDC00C815240629094713534E3132333435363738390000000000534E3132333435363738393132333435363739534E3132343520240629094701040000006E0202044C2504000000003001035E7E
7E 0B 03 00 43 01 58 75 22 60 34 00 18 00 00 00 00 00 00 03 00 00 C6 4C A1 03 F7 9F DC 00 C8 15 24 06 29 09 47 13 53 4E 31 32 33 34 35 36 37 38 39 00 00 00 00 00 53 4E 31 32 33 34 35 36 37 38 39 31 32 33 34 35 36 37 39 53 4E 31 32 34 35 20 24 06 29 09 47 01 04 00 00 00 6E 02 02 04 4C 25 04 00 00 00 00 30 01 03 5E 7E
1
了崔方象
1
了崔方象
1
了崔方象
1
了崔方象
1
了崔方象
1
了崔方象
1
